<?xml version="1.0" encoding="UTF-8"?>
<testsuite xmlns:xsi="http://www.w3.org/2001/XMLSchema-instance" xsi:noNamespaceSchemaLocation="https://maven.apache.org/surefire/maven-surefire-plugin/xsd/surefire-test-report-3.0.xsd" version="3.0" name="com.udacity.catpoint.security.service.SecurityServiceTest" time="2.9" tests="21" errors="0" skipped="0" failures="0">
  <properties>
[...]
</properties>
  <testcase name="test_add_delete_statusListeners" classname="com.udacity.catpoint.security.service.SecurityServiceTest" time="1.792"/>
  <testcase name="test_add_sensor_method" classname="com.udacity.catpoint.security.service.SecurityServiceTest" time="0.07"/>
  <testcase name="when_systemIsDisArmed" classname="com.udacity.catpoint.security.service.SecurityServiceTest" time="0.074"/>
  <testcase name="when_imageService_findNo_cat" classname="com.udacity.catpoint.security.service.SecurityServiceTest" time="0.249"/>
  <testcase name="when_alarmsStatusAsPendingAlarm_and_sensorsInactive" classname="com.udacity.catpoint.security.service.SecurityServiceTest" time="0.017"/>
  <testcase name="when_sensorActivated_and_SystemActive_alarmInPendingState" classname="com.udacity.catpoint.security.service.SecurityServiceTest" time="0.01"/>
  <testcase name="when_imageService_find_a_cat" classname="com.udacity.catpoint.security.service.SecurityServiceTest" time="0.009"/>
  <testcase name="when_alramArmed_and_seneorActivited(ArmingStatus)[1]" classname="com.udacity.catpoint.security.service.SecurityServiceTest" time="0.061"/>
  <testcase name="when_alramArmed_and_seneorActivited(ArmingStatus)[2]" classname="com.udacity.catpoint.security.service.SecurityServiceTest" time="0.012"/>
  <testcase name="when_alarmArmed_and_sensorActivated_andSysetemInPendingAlarm(ArmingStatus)[1]" classname="com.udacity.catpoint.security.service.SecurityServiceTest" time="0.019"/>
  <testcase name="when_alarmArmed_and_sensorActivated_andSysetemInPendingAlarm(ArmingStatus)[2]" classname="com.udacity.catpoint.security.service.SecurityServiceTest" time="0.02"/>
  <testcase name="when_sensorisNotActive" classname="com.udacity.catpoint.security.service.SecurityServiceTest" time="0.012"/>
  <testcase name="when_systemIsArmed_resetAllSensorstoInactive(ArmingStatus)[1]" classname="com.udacity.catpoint.security.service.SecurityServiceTest" time="0.301"/>
  <testcase name="when_systemIsArmed_resetAllSensorstoInactive(ArmingStatus)[2]" classname="com.udacity.catpoint.security.service.SecurityServiceTest" time="0.012"/>
  <testcase name="when_sensorisActive" classname="com.udacity.catpoint.security.service.SecurityServiceTest" time="0.014"/>
  <testcase name="when_sensorDEActivated_andSystemAlreadyActive" classname="com.udacity.catpoint.security.service.SecurityServiceTest" time="0.005"/>
  <testcase name="test_securityServices" classname="com.udacity.catpoint.security.service.SecurityServiceTest" time="0.004"/>
  <testcase name="when_alarmIsActive_and_changeSeneorState_shouldNotAffectState(boolean)[1]" classname="com.udacity.catpoint.security.service.SecurityServiceTest" time="0.014"/>
  <testcase name="when_alarmIsActive_and_changeSeneorState_shouldNotAffectState(boolean)[2]" classname="com.udacity.catpoint.security.service.SecurityServiceTest" time="0.009"/>
  <testcase name="test_getAlarmStaus_" classname="com.udacity.catpoint.security.service.SecurityServiceTest" time="0.006"/>
  <testcase name="when_systemIsArmedHome_and_cameraShowsCat" classname="com.udacity.catpoint.security.service.SecurityServiceTest" time="0.005"/>
</testsuite>